#
# There is insufficient memory for the Java Runtime Environment to continue.
# Native memory allocation (mmap) failed to map 134217728 bytes for G1 virtual space
# Possible reasons:
#   The system is out of physical RAM or swap space
#   The process is running with CompressedOops enabled, and the Java Heap may be blocking the growth of the native heap
# Possible solutions:
#   Reduce memory load on the system
#   Increase physical memory or swap space
#   Check if swap backing store is full
#   Decrease Java heap size (-Xmx/-Xms)
#   Decrease number of Java threads
#   Decrease Java thread stack sizes (-Xss)
#   Set larger code cache with -XX:ReservedCodeCacheSize=
#   JVM is running with Unscaled Compressed Oops mode in which the Java heap is
#     placed in the first 4GB address space. The Java Heap base address is the
#     maximum limit for the native heap growth. Please use -XX:HeapBaseMinAddress
#     to set the Java Heap base and to place the Java Heap above 4GB virtual address.
# This output file may be truncated or incomplete.
#
#  Out of Memory Error (os_windows.cpp:3535), pid=1812, tid=16816
#
# JRE version:  (17.0.3.1+2) (build )
# Java VM: Java HotSpot(TM) 64-Bit Server VM (17.0.3.1+2-LTS-6, mixed mode, sharing, tiered, compressed oops, compressed class ptrs, g1 gc, windows-amd64)
# No core dump will be written. Minidumps are not enabled by default on client versions of Windows
#

---------------  S U M M A R Y ------------

Command Line: -Dfile.encoding=UTF-8 --module-path=C:\Users\Rownab Das Gupta\Desktop\Projects May 2023\NetBeans May 2023\Quiz Coundown Application\build\classes quiz.coundown.application.Score

Host: Intel(R) Core(TM) i5-7200U CPU @ 2.50GHz, 4 cores, 7G,  Windows 10 , 64 bit Build 19041 (10.0.19041.2788)
Time: Thu May 11 18:50:13 2023 India Standard Time elapsed time: 0.017775 seconds (0d 0h 0m 0s)

---------------  T H R E A D  ---------------

Current thread (0x0000024c993ead70):  JavaThread "Unknown thread" [_thread_in_vm, id=16816, stack(0x000000a44b900000,0x000000a44ba00000)]

Stack: [0x000000a44b900000,0x000000a44ba00000]
Native frames: (J=compiled Java code, j=interpreted, Vv=VM code, C=native code)
V  [jvm.dll+0x6711ba]
V  [jvm.dll+0x7d0834]
V  [jvm.dll+0x7d1fde]
V  [jvm.dll+0x7d2643]
V  [jvm.dll+0x242c85]
V  [jvm.dll+0x66e0d9]
V  [jvm.dll+0x662a22]
V  [jvm.dll+0x300ddb]
V  [jvm.dll+0x308376]
V  [jvm.dll+0x357f7e]
V  [jvm.dll+0x3581af]
V  [jvm.dll+0x2d7ff8]
V  [jvm.dll+0x2d8f64]
V  [jvm.dll+0x7a2411]
V  [jvm.dll+0x365d01]
V  [jvm.dll+0x78187c]
V  [jvm.dll+0x3e873f]
V  [jvm.dll+0x3ea1e1]
C  [jli.dll+0x527b]
C  [ucrtbase.dll+0x21bb2]
C  [KERNEL32.DLL+0x17604]
C  [ntdll.dll+0x526a1]


---------------  P R O C E S S  ---------------

Threads class SMR info:
_java_thread_list=0x00007fff78f59858, length=0, elements={
}

Java Threads: ( => current thread )

Other Threads:
  0x0000024c994455b0 GCTaskThread "GC Thread#0" [stack: 0x000000a44ba00000,0x000000a44bb00000] [id=404]
  0x0000024c99458150 ConcurrentGCThread "G1 Main Marker" [stack: 0x000000a44bb00000,0x000000a44bc00000] [id=3864]
  0x0000024c99459300 ConcurrentGCThread "G1 Conc#0" [stack: 0x000000a44bc00000,0x000000a44bd00000] [id=800]

[error occurred during error reporting (printing all threads), id 0xc0000005, EXCEPTION_ACCESS_VIOLATION (0xc0000005) at pc=0x00007fff787a89e7]

VM state: not at safepoint (not fully initialized)

VM Mutex/Monitor currently owned by a thread:  ([mutex/lock_event])
[0x0000024c993e8ae0] Heap_lock - owner thread: 0x0000024c993ead70

Heap address: 0x0000000081e00000, size: 2018 MB, Compressed Oops mode: 32-bit

CDS archive(s) mapped at: [0x0000000000000000-0x0000000000000000-0x0000000000000000), size 0, SharedBaseAddress: 0x0000000800000000, ArchiveRelocationMode: 0.
Narrow klass base: 0x0000000000000000, Narrow klass shift: 0, Narrow klass range: 0x0

GC Precious Log:
<Empty>

Heap:
 garbage-first heap   total 0K, used 0K [0x0000000081e00000, 0x0000000100000000)
  region size 1024K, 0 young (0K), 0 survivors (0K)

[error occurred during error reporting (printing heap information), id 0xc0000005, EXCEPTION_ACCESS_VIOLATION (0xc0000005) at pc=0x00007fff78b8a629]

GC Heap History (0 events):
No events

Deoptimization events (0 events):
No events

Classes unloaded (0 events):
No events

Classes redefined (0 events):
No events

Internal exceptions (0 events):
No events

VM Operations (0 events):
No events

Events (1 events):
Event: 0.011 Loaded shared library C:\Program Files\Java\jdk-17.0.3.1\bin\java.dll


Dynamic libraries:
0x00007ff6b91f0000 - 0x00007ff6b9200000 	C:\Program Files\Java\jdk-17.0.3.1\bin\java.exe
0x00007fffd22f0000 - 0x00007fffd24e8000 	C:\WINDOWS\SYSTEM32\ntdll.dll
0x00007fffd0530000 - 0x00007fffd05ef000 	C:\WINDOWS\System32\KERNEL32.DLL
0x00007fffcfd50000 - 0x00007fffd002a000 	C:\WINDOWS\System32\KERNELBASE.dll
0x00007fffcfbc0000 - 0x00007fffcfcc0000 	C:\WINDOWS\System32\ucrtbase.dll
0x00007fffc92a0000 - 0x00007fffc92b8000 	C:\Program Files\Java\jdk-17.0.3.1\bin\jli.dll
0x00007fffd0d20000 - 0x00007fffd0dce000 	C:\WINDOWS\System32\ADVAPI32.dll
0x00007fffd2040000 - 0x00007fffd20de000 	C:\WINDOWS\System32\msvcrt.dll
0x00007fffd20e0000 - 0x00007fffd217c000 	C:\WINDOWS\System32\sechost.dll
0x00007fffd1e80000 - 0x00007fffd1fa6000 	C:\WINDOWS\System32\RPCRT4.dll
0x00007fffd0f20000 - 0x00007fffd10bd000 	C:\WINDOWS\System32\USER32.dll
0x00007fffc91f0000 - 0x00007fffc920a000 	C:\Program Files\Java\jdk-17.0.3.1\bin\VCRUNTIME140.dll
0x00007fffcfaa0000 - 0x00007fffcfac2000 	C:\WINDOWS\System32\win32u.dll
0x00007fffd0cf0000 - 0x00007fffd0d1b000 	C:\WINDOWS\System32\GDI32.dll
0x00007fffd0030000 - 0x00007fffd0140000 	C:\WINDOWS\System32\gdi32full.dll
0x00007fffbbdd0000 - 0x00007fffbc06a000 	C:\WINDOWS\WinSxS\amd64_microsoft.windows.common-controls_6595b64144ccf1df_6.0.19041.1110_none_60b5254171f9507e\COMCTL32.dll
0x00007fffcfa00000 - 0x00007fffcfa9d000 	C:\WINDOWS\System32\msvcp_win.dll
0x00007fffc88e0000 - 0x00007fffc88ea000 	C:\WINDOWS\SYSTEM32\VERSION.dll
0x00007fffd0350000 - 0x00007fffd0380000 	C:\WINDOWS\System32\IMM32.DLL
0x00007fffc91e0000 - 0x00007fffc91ec000 	C:\Program Files\Java\jdk-17.0.3.1\bin\vcruntime140_1.dll
0x00007fff9ca50000 - 0x00007fff9cadd000 	C:\Program Files\Java\jdk-17.0.3.1\bin\msvcp140.dll
0x00007fff784c0000 - 0x00007fff79080000 	C:\Program Files\Java\jdk-17.0.3.1\bin\server\jvm.dll
0x00007fffd1e10000 - 0x00007fffd1e18000 	C:\WINDOWS\System32\PSAPI.DLL
0x00007fffb9650000 - 0x00007fffb9659000 	C:\WINDOWS\SYSTEM32\WSOCK32.dll
0x00007fffd1830000 - 0x00007fffd189b000 	C:\WINDOWS\System32\WS2_32.dll
0x00007fffcbad0000 - 0x00007fffcbaf7000 	C:\WINDOWS\SYSTEM32\WINMM.dll
0x00007fffce4f0000 - 0x00007fffce502000 	C:\WINDOWS\SYSTEM32\kernel.appcore.dll
0x00007fffc91d0000 - 0x00007fffc91da000 	C:\Program Files\Java\jdk-17.0.3.1\bin\jimage.dll
0x00007fffce090000 - 0x00007fffce274000 	C:\WINDOWS\SYSTEM32\DBGHELP.DLL
0x00007fffba630000 - 0x00007fffba664000 	C:\WINDOWS\SYSTEM32\dbgcore.DLL
0x00007fffcfcc0000 - 0x00007fffcfd42000 	C:\WINDOWS\System32\bcryptPrimitives.dll
0x00007fffc84f0000 - 0x00007fffc8515000 	C:\Program Files\Java\jdk-17.0.3.1\bin\java.dll

dbghelp: loaded successfully - version: 4.0.5 - missing functions: none
symbol engine: initialized successfully - sym options: 0x614 - pdb path: .;C:\Program Files\Java\jdk-17.0.3.1\bin;C:\WINDOWS\SYSTEM32;C:\WINDOWS\WinSxS\amd64_microsoft.windows.common-controls_6595b64144ccf1df_6.0.19041.1110_none_60b5254171f9507e;C:\Program Files\Java\jdk-17.0.3.1\bin\server

VM Arguments:
jvm_args: -Dfile.encoding=UTF-8 --module-path=C:\Users\Rownab Das Gupta\Desktop\Projects May 2023\NetBeans May 2023\Quiz Coundown Application\build\classes 
java_command: quiz.coundown.application.Score
java_class_path (initial): C:\Users\Rownab Das Gupta\Desktop\Projects May 2023\NetBeans May 2023\Quiz Coundown Application\build\classes
Launcher Type: SUN_STANDARD

[Global flags]
     intx CICompilerCount                          = 3                                         {product} {ergonomic}
     uint ConcGCThreads                            = 1                                         {product} {ergonomic}
     uint G1ConcRefinementThreads                  = 4                                         {product} {ergonomic}
   size_t G1HeapRegionSize                         = 1048576                                   {product} {ergonomic}
    uintx GCDrainStackTargetSize                   = 64                                        {product} {ergonomic}
   size_t InitialHeapSize                          = 134217728                                 {product} {ergonomic}
   size_t MarkStackSize                            = 4194304                                   {product} {ergonomic}
   size_t MaxHeapSize                              = 2116026368                                {product} {ergonomic}
   size_t MinHeapDeltaBytes                        = 1048576                                   {product} {ergonomic}
   size_t MinHeapSize                              = 8388608                                   {product} {ergonomic}
    uintx NonNMethodCodeHeapSize                   = 5832780                                {pd product} {ergonomic}
    uintx NonProfiledCodeHeapSize                  = 122912730                              {pd product} {ergonomic}
    uintx ProfiledCodeHeapSize                     = 122912730                              {pd product} {ergonomic}
    uintx ReservedCodeCacheSize                    = 251658240                              {pd product} {ergonomic}
     bool SegmentedCodeCache                       = true                                      {product} {ergonomic}
   size_t SoftMaxHeapSize                          = 2116026368                             {manageable} {ergonomic}
     bool UseCompressedClassPointers               = true                           {product lp64_product} {ergonomic}
     bool UseCompressedOops                        = true                           {product lp64_product} {ergonomic}
     bool UseG1GC                                  = true                                      {product} {ergonomic}
     bool UseLargePagesIndividualAllocation        = false                                  {pd product} {ergonomic}

Logging:
Log output configuration:
 #0: stdout all=warning uptime,level,tags
 #1: stderr all=off uptime,level,tags

Environment Variables:
JAVA_HOME=C:\Program Files\Java\jdk-17.0.3.1
PATH=C:\Program Files\Common Files\Oracle\Java\javapath;C:\OracleEE21c\WINDOWS.X64_213000_db_home\bin;C:\Windows\system32;C:\Windows;C:\Windows\System32\Wbem;C:\Windows\System32\WindowsPowerShell\v1.0\;C:\Program Files (x86)\NVIDIA Corporation\PhysX\Common;C:\Program Files\NVIDIA Corporation\NVIDIA NvDLISR;C:\WINDOWS\system32;C:\WINDOWS;C:\WINDOWS\System32\Wbem;C:\WINDOWS\System32\WindowsPowerShell\v1.0\;C:\WINDOWS\System32\OpenSSH\;C:\Program Files\MySQL\MySQL Server 8.0\bin;C:\Program Files\Java\jdk-17.0.3.1\bin;C:\Program Files\MySQL\MySQL Shell 8.0\bin\;C:\Users\Rownab Das Gupta\AppData\Local\Microsoft\WindowsApps
USERNAME=Rownab Das Gupta
OS=Windows_NT
PROCESSOR_IDENTIFIER=Intel64 Family 6 Model 142 Stepping 9, GenuineIntel



---------------  S Y S T E M  ---------------

OS:
 Windows 10 , 64 bit Build 19041 (10.0.19041.2788)
OS uptime: 3 days 8:20 hours

CPU: total 4 (initial active 4) (2 cores per cpu, 2 threads per core) family 6 model 142 stepping 9 microcode 0xd6, cx8, cmov, fxsr, ht, mmx, 3dnowpref, sse, sse2, sse3, ssse3, sse4.1, sse4.2, popcnt, lzcnt, tsc, tscinvbit, avx, avx2, aes, erms, clmul, bmi1, bmi2, adx, fma, vzeroupper, clflush, clflushopt

Memory: 4k page, system-wide physical 8066M (749M free)
TotalPageFile size 20784M (AvailPageFile size 55M)
current process WorkingSet (physical memory assigned to process): 10M, peak: 10M
current process commit charge ("private bytes"): 51M, peak: 179M

vm_info: Java HotSpot(TM) 64-Bit Server VM (17.0.3.1+2-LTS-6) for windows-amd64 JRE (17.0.3.1+2-LTS-6), built on Apr 25 2022 22:04:21 by "mach5one" with MS VC++ 16.8 / 16.9 (VS2019)

END.
